The system is: Windows - 10.0.17763 - AMD64
Compiling the CXX compiler identification source file "CMakeCXXCompilerId.cpp" succeeded.
Compiler:  
Build flags: 
Id flags:  

The output was:
0
Microsoft (R) Build Engine versi¢n 15.9.21+g9802d43bc3 para .NET Framework
Copyright (C) Microsoft Corporation. Todos los derechos reservados.

Compilaci¢n iniciada a las 21/04/2020 19:14:51.
Proyecto "C:\Users\Daniel\Desktop\Action-Manual-Tagger\CMakeFiles\3.16.0-rc3\CompilerIdCXX\CompilerIdCXX.vcxproj" en nodo 1 (destinos predeterminados).
PrepareForBuild:
  Creando directorio "Debug\".
  Creando directorio "Debug\CompilerIdCXX.tlog\".
InitializeBuildStatus:
  Se crear  "Debug\CompilerIdCXX.tlog\unsuccessfulbuild" porque se especific¢ "AlwaysCreate".
ClCompile:
  C:\Program Files (x86)\Microsoft Visual Studio\2017\Community\VC\Tools\MSVC\14.16.27023\bin\HostX86\x86\CL.exe /c /nologo /W0 /WX- /diagnostics:classic /Od /Oy- /D _MBCS /Gm- /EHsc /RTC1 /MDd /GS /fp:precise /Zc:wchar_t /Zc:forScope /Zc:inline /Fo"Debug\\" /Fd"Debug\vc141.pdb" /Gd /TP /analyze- /FC /errorReport:queue CMakeCXXCompilerId.cpp
  CMakeCXXCompilerId.cpp
Link:
  C:\Program Files (x86)\Microsoft Visual Studio\2017\Community\VC\Tools\MSVC\14.16.27023\bin\HostX86\x86\link.exe /ERRORREPORT:QUEUE /OUT:".\CompilerIdCXX.exe" /INCREMENTAL:NO /NOLOGO kernel32.lib user32.lib gdi32.lib winspool.lib comdlg32.lib advapi32.lib shell32.lib ole32.lib oleaut32.lib uuid.lib odbc32.lib odbccp32.lib /MANIFEST /MANIFESTUAC:"level='asInvoker' uiAccess='false'" /manifest:embed /PDB:".\CompilerIdCXX.pdb" /SUBSYSTEM:CONSOLE /TLBID:1 /DYNAMICBASE /NXCOMPAT /IMPLIB:".\CompilerIdCXX.lib" /MACHINE:X86 /SAFESEH Debug\CMakeCXXCompilerId.obj
  CompilerIdCXX.vcxproj -> C:\Users\Daniel\Desktop\Action-Manual-Tagger\CMakeFiles\3.16.0-rc3\CompilerIdCXX\.\CompilerIdCXX.exe
PostBuildEvent:
  for %%i in (cl.exe) do @echo CMAKE_CXX_COMPILER=%%~$PATH:i
  :VCEnd
  CMAKE_CXX_COMPILER=C:\Program Files (x86)\Microsoft Visual Studio\2017\Community\VC\Tools\MSVC\14.16.27023\bin\Hostx86\x86\cl.exe
FinalizeBuildStatus:
  Se eliminar  el archivo "Debug\CompilerIdCXX.tlog\unsuccessfulbuild".
  Aplicando tarea Touch a "Debug\CompilerIdCXX.tlog\CompilerIdCXX.lastbuildstate".
Compilaci¢n del proyecto terminada "C:\Users\Daniel\Desktop\Action-Manual-Tagger\CMakeFiles\3.16.0-rc3\CompilerIdCXX\CompilerIdCXX.vcxproj" (destinos predeterminados).

Compilaci¢n correcta.
    0 Advertencia(s)
    0 Errores

Tiempo transcurrido 00:00:01.59


Compilation of the CXX compiler identification source "CMakeCXXCompilerId.cpp" produced "CompilerIdCXX.exe"

Compilation of the CXX compiler identification source "CMakeCXXCompilerId.cpp" produced "CompilerIdCXX.vcxproj"

The CXX compiler identification is MSVC, found in "C:/Users/Daniel/Desktop/Action-Manual-Tagger/CMakeFiles/3.16.0-rc3/CompilerIdCXX/CompilerIdCXX.exe"

Determining if the CXX compiler works passed with the following output:
Change Dir: C:/Users/Daniel/Desktop/Action-Manual-Tagger/CMakeFiles/CMakeTmp

Run Build Command(s):C:/Program Files (x86)/Microsoft Visual Studio/2017/Community/MSBuild/15.0/Bin/MSBuild.exe cmTC_b7ef2.vcxproj /p:Configuration=Debug /p:Platform=Win32 /p:VisualStudioVersion=15.0 /v:m && Microsoft (R) Build Engine versi¢n 15.9.21+g9802d43bc3 para .NET Framework
Copyright (C) Microsoft Corporation. Todos los derechos reservados.

  Compilador de optimizaci¢n de C/C++ de Microsoft (R) versi¢n 19.16.27034 para x86
  (C) Microsoft Corporation. Todos los derechos reservados.
  
  cl /c /Zi /W3 /WX- /diagnostics:classic /Od /Ob0 /Oy- /D WIN32 /D _WINDOWS /D "CMAKE_INTDIR=\"Debug\"" /D _MBCS /Gm- /EHsc /RTC1 /MDd /GS /fp:precise /Zc:wchar_t /Zc:forScope /Zc:inline /GR /Fo"cmTC_b7ef2.dir\Debug\\" /Fd"cmTC_b7ef2.dir\Debug\vc141.pdb" /Gd /TP /analyze- /errorReport:queue "C:\Users\Daniel\Desktop\Action-Manual-Tagger\CMakeFiles\CMakeTmp\testCXXCompiler.cxx"
  
  testCXXCompiler.cxx
  cmTC_b7ef2.vcxproj -> C:\Users\Daniel\Desktop\Action-Manual-Tagger\CMakeFiles\CMakeTmp\Debug\cmTC_b7ef2.exe



Detecting CXX compiler ABI info compiled with the following output:
Change Dir: C:/Users/Daniel/Desktop/Action-Manual-Tagger/CMakeFiles/CMakeTmp

Run Build Command(s):C:/Program Files (x86)/Microsoft Visual Studio/2017/Community/MSBuild/15.0/Bin/MSBuild.exe cmTC_cf623.vcxproj /p:Configuration=Debug /p:Platform=Win32 /p:VisualStudioVersion=15.0 /v:m && Microsoft (R) Build Engine versi¢n 15.9.21+g9802d43bc3 para .NET Framework
Copyright (C) Microsoft Corporation. Todos los derechos reservados.

  Compilador de optimizaci¢n de C/C++ de Microsoft (R) versi¢n 19.16.27034 para x86
  (C) Microsoft Corporation. Todos los derechos reservados.
  
  cl /c /Zi /W3 /WX- /diagnostics:classic /Od /Ob0 /Oy- /D WIN32 /D _WINDOWS /D "CMAKE_INTDIR=\"Debug\"" /D _MBCS /Gm- /EHsc /RTC1 /MDd /GS /fp:precise /Zc:wchar_t /Zc:forScope /Zc:inline /GR /Fo"cmTC_cf623.dir\Debug\\" /Fd"cmTC_cf623.dir\Debug\vc141.pdb" /Gd /TP /analyze- /errorReport:queue "E:\cmake\share\cmake-3.16\Modules\CMakeCXXCompilerABI.cpp"
  CMakeCXXCompilerABI.cpp
  
  cmTC_cf623.vcxproj -> C:\Users\Daniel\Desktop\Action-Manual-Tagger\CMakeFiles\CMakeTmp\Debug\cmTC_cf623.exe



