The system is: Windows - 10.0.17763 - AMD64
Compiling the CXX compiler identification source file "CMakeCXXCompilerId.cpp" succeeded.
Compiler: C:/Program Files (x86)/Microsoft Visual Studio/2017/Community/VC/Tools/MSVC/14.16.27023/bin/HostX64/x64/cl.exe 
Build flags: 
Id flags:  

The output was:
0
Compilador de optimización de C/C++ de Microsoft (R) versión 19.16.27034 para x64
(C) Microsoft Corporation. Todos los derechos reservados.

CMakeCXXCompilerId.cpp
Microsoft (R) Incremental Linker Version 14.16.27034.0
Copyright (C) Microsoft Corporation.  All rights reserved.

/out:CMakeCXXCompilerId.exe 
CMakeCXXCompilerId.obj 


Compilation of the CXX compiler identification source "CMakeCXXCompilerId.cpp" produced "CMakeCXXCompilerId.exe"

Compilation of the CXX compiler identification source "CMakeCXXCompilerId.cpp" produced "CMakeCXXCompilerId.obj"

The CXX compiler identification is MSVC, found in "C:/Users/Daniel/Desktop/ActionTagger/build-ActionTagger-Desktop_Qt_5_12_6_MSVC2017_64bit-Debug/CMakeFiles/3.16.0-rc3/CompilerIdCXX/CMakeCXXCompilerId.exe"

Determining if the CXX compiler works passed with the following output:
Change Dir: C:/Users/Daniel/Desktop/ActionTagger/build-ActionTagger-Desktop_Qt_5_12_6_MSVC2017_64bit-Debug/CMakeFiles/CMakeTmp

Run Build Command(s):C:/PROGRA~2/MICROS~1/2017/COMMUN~1/Common7/IDE/COMMON~1/MICROS~1/CMake/Ninja/ninja.exe cmTC_9839e && [1/2] Building CXX object CMakeFiles\cmTC_9839e.dir\testCXXCompiler.cxx.obj
[2/2] Linking CXX executable cmTC_9839e.exe



Detecting CXX compiler ABI info compiled with the following output:
Change Dir: C:/Users/Daniel/Desktop/ActionTagger/build-ActionTagger-Desktop_Qt_5_12_6_MSVC2017_64bit-Debug/CMakeFiles/CMakeTmp

Run Build Command(s):C:/PROGRA~2/MICROS~1/2017/COMMUN~1/Common7/IDE/COMMON~1/MICROS~1/CMake/Ninja/ninja.exe cmTC_e9aa8 && [1/2] Building CXX object CMakeFiles\cmTC_e9aa8.dir\CMakeCXXCompilerABI.cpp.obj
Nota: inclusión del archivo: e:\cmake\share\cmake-3.16\modules\CMakeCompilerABI.h
[2/2] Linking CXX executable cmTC_e9aa8.exe



